<?xml version="1.0" encoding="UTF-8"?>
<testng-results ignored="0" total="5" passed="5" failed="0" skipped="0">
  <reporter-output>
  </reporter-output>
  <suite started-at="2021-09-14T15:38:09 IST" name="Default suite" finished-at="2021-09-14T15:38:15 IST" duration-ms="6079">
    <groups>
    </groups>
    <test started-at="2021-09-14T15:38:09 IST" name="Default test" finished-at="2021-09-14T15:38:15 IST" duration-ms="6079">
      <class name="com.dataprovider.ExcelsheetDataProvider">
        <test-method is-config="true" signature="openBrowserAndUrl()[pri:0, instance:com.dataprovider.ExcelsheetDataProvider@48f2bd5b]" started-at="2021-09-14T15:38:09 IST" name="openBrowserAndUrl" finished-at="2021-09-14T15:38:12 IST" duration-ms="3140" status="PASS">
          <reporter-output>
          </reporter-output>
        </test-method> <!-- openBrowserAndUrl -->
        <test-method signature="login(java.lang.String,java.lang.String,java.lang.String,java.lang.String,java.lang.String)[pri:0, instance:com.dataprovider.ExcelsheetDataProvider@48f2bd5b]" started-at="2021-09-14T15:38:12 IST" name="login" data-provider="loginData" finished-at="2021-09-14T15:38:12 IST" duration-ms="328" status="PASS">
          <params>
            <param index="0">
              <value>
                <![CDATA[TC01]]>
              </value>
            </param>
            <param index="1">
              <value>
                <![CDATA[blank username]]>
              </value>
            </param>
            <param index="2">
              <value>
                <![CDATA[]]>
              </value>
            </param>
            <param index="3">
              <value>
                <![CDATA[123456]]>
              </value>
            </param>
            <param index="4">
              <value>
                <![CDATA[Please enter email]]>
              </value>
            </param>
          </params>
          <reporter-output>
          </reporter-output>
        </test-method> <!-- login -->
        <test-method signature="login(java.lang.String,java.lang.String,java.lang.String,java.lang.String,java.lang.String)[pri:0, instance:com.dataprovider.ExcelsheetDataProvider@48f2bd5b]" started-at="2021-09-14T15:38:12 IST" name="login" data-provider="loginData" finished-at="2021-09-14T15:38:13 IST" duration-ms="223" status="PASS">
          <params>
            <param index="0">
              <value>
                <![CDATA[TC02]]>
              </value>
            </param>
            <param index="1">
              <value>
                <![CDATA[blank password]]>
              </value>
            </param>
            <param index="2">
              <value>
                <![CDATA[kiran@gmail.com]]>
              </value>
            </param>
            <param index="3">
              <value>
                <![CDATA[]]>
              </value>
            </param>
            <param index="4">
              <value>
                <![CDATA[Please enter password.]]>
              </value>
            </param>
          </params>
          <reporter-output>
          </reporter-output>
        </test-method> <!-- login -->
        <test-method signature="login(java.lang.String,java.lang.String,java.lang.String,java.lang.String,java.lang.String)[pri:0, instance:com.dataprovider.ExcelsheetDataProvider@48f2bd5b]" started-at="2021-09-14T15:38:13 IST" name="login" data-provider="loginData" finished-at="2021-09-14T15:38:13 IST" duration-ms="189" status="PASS">
          <params>
            <param index="0">
              <value>
                <![CDATA[TC03]]>
              </value>
            </param>
            <param index="1">
              <value>
                <![CDATA[invalid username]]>
              </value>
            </param>
            <param index="2">
              <value>
                <![CDATA[kiran*12345@gmail.com]]>
              </value>
            </param>
            <param index="3">
              <value>
                <![CDATA[123456]]>
              </value>
            </param>
            <param index="4">
              <value>
                <![CDATA[Please enter email as kiran@gmail.com]]>
              </value>
            </param>
          </params>
          <reporter-output>
          </reporter-output>
        </test-method> <!-- login -->
        <test-method signature="login(java.lang.String,java.lang.String,java.lang.String,java.lang.String,java.lang.String)[pri:0, instance:com.dataprovider.ExcelsheetDataProvider@48f2bd5b]" started-at="2021-09-14T15:38:13 IST" name="login" data-provider="loginData" finished-at="2021-09-14T15:38:13 IST" duration-ms="199" status="PASS">
          <params>
            <param index="0">
              <value>
                <![CDATA[TC04]]>
              </value>
            </param>
            <param index="1">
              <value>
                <![CDATA[invalid password]]>
              </value>
            </param>
            <param index="2">
              <value>
                <![CDATA[kiran@gmail.com]]>
              </value>
            </param>
            <param index="3">
              <value>
                <![CDATA[12*3126]]>
              </value>
            </param>
            <param index="4">
              <value>
                <![CDATA[Please enter password 123456]]>
              </value>
            </param>
          </params>
          <reporter-output>
          </reporter-output>
        </test-method> <!-- login -->
        <test-method signature="login(java.lang.String,java.lang.String,java.lang.String,java.lang.String,java.lang.String)[pri:0, instance:com.dataprovider.ExcelsheetDataProvider@48f2bd5b]" started-at="2021-09-14T15:38:13 IST" name="login" data-provider="loginData" finished-at="2021-09-14T15:38:15 IST" duration-ms="1763" status="PASS">
          <params>
            <param index="0">
              <value>
                <![CDATA[TC05]]>
              </value>
            </param>
            <param index="1">
              <value>
                <![CDATA[correct]]>
              </value>
            </param>
            <param index="2">
              <value>
                <![CDATA[kiran@gmail.com]]>
              </value>
            </param>
            <param index="3">
              <value>
                <![CDATA[123456]]>
              </value>
            </param>
            <param index="4">
              <value>
                <![CDATA[JavaByKiran | Dashboard]]>
              </value>
            </param>
          </params>
          <reporter-output>
          </reporter-output>
        </test-method> <!-- login -->
        <test-method is-config="true" signature="closeDriver()[pri:0, instance:com.dataprovider.ExcelsheetDataProvider@48f2bd5b]" started-at="2021-09-14T15:38:15 IST" name="closeDriver" finished-at="2021-09-14T15:38:15 IST" duration-ms="98" status="PASS">
          <reporter-output>
          </reporter-output>
        </test-method> <!-- closeDriver -->
      </class> <!-- com.dataprovider.ExcelsheetDataProvider -->
    </test> <!-- Default test -->
  </suite> <!-- Default suite -->
</testng-results>
