<?xml version="1.0" encoding="UTF-8"?>
<!-- Generated by org.testng.reporters.JUnitXMLReporter -->
<testsuite ignored="0" hostname="LAPTOP-DD8S79MB" failures="0" tests="5" name="Default test" time="6.079" errors="0" timestamp="2021-09-14T15:38:15 IST">
  <testcase classname="com.dataprovider.ExcelsheetDataProvider" name="login" time="0.328"/>
  <testcase classname="com.dataprovider.ExcelsheetDataProvider" name="login" time="0.223"/>
  <testcase classname="com.dataprovider.ExcelsheetDataProvider" name="login" time="0.189"/>
  <testcase classname="com.dataprovider.ExcelsheetDataProvider" name="login" time="0.199"/>
  <testcase classname="com.dataprovider.ExcelsheetDataProvider" name="login" time="1.763"/>
</testsuite> <!-- Default test -->
