<?xml version="1.0" encoding="UTF-8"?>
<!-- Generated by org.testng.reporters.JUnitXMLReporter -->
<testsuite ignored="0" hostname="LAPTOP-DD8S79MB" failures="0" tests="5" name="Default test" time="5.878" errors="0" timestamp="2021-09-15T23:02:53 IST">
  <testcase classname="com.dataprovider.ManualDataProvider" name="login" time="0.309"/>
  <testcase classname="com.dataprovider.ManualDataProvider" name="login" time="0.206"/>
  <testcase classname="com.dataprovider.ManualDataProvider" name="login" time="0.197"/>
  <testcase classname="com.dataprovider.ManualDataProvider" name="login" time="0.197"/>
  <testcase classname="com.dataprovider.ManualDataProvider" name="login" time="1.591"/>
</testsuite> <!-- Default test -->
