<?xml version="1.0" encoding="UTF-8"?>
<testng-results ignored="0" total="5" passed="5" failed="0" skipped="0">
  <reporter-output>
  </reporter-output>
  <suite started-at="2021-09-15T23:02:47 IST" name="Default suite" finished-at="2021-09-15T23:02:53 IST" duration-ms="5878">
    <groups>
    </groups>
    <test started-at="2021-09-15T23:02:47 IST" name="Default test" finished-at="2021-09-15T23:02:53 IST" duration-ms="5878">
      <class name="com.dataprovider.ManualDataProvider">
        <test-method is-config="true" signature="openBrowserAndUrl()[pri:0, instance:com.dataprovider.ManualDataProvider@3b0fe47a]" started-at="2021-09-15T23:02:47 IST" name="openBrowserAndUrl" finished-at="2021-09-15T23:02:50 IST" duration-ms="3159" status="PASS">
          <reporter-output>
          </reporter-output>
        </test-method> <!-- openBrowserAndUrl -->
        <test-method signature="login(java.lang.String,java.lang.String,java.lang.String,java.lang.String,java.lang.String)[pri:0, instance:com.dataprovider.ManualDataProvider@3b0fe47a]" started-at="2021-09-15T23:02:50 IST" name="login" data-provider="loginData" finished-at="2021-09-15T23:02:50 IST" duration-ms="309" status="PASS">
          <params>
            <param index="0">
              <value>
                <![CDATA[TC01]]>
              </value>
            </param>
            <param index="1">
              <value>
                <![CDATA[blank username]]>
              </value>
            </param>
            <param index="2">
              <value>
                <![CDATA[]]>
              </value>
            </param>
            <param index="3">
              <value>
                <![CDATA[123456]]>
              </value>
            </param>
            <param index="4">
              <value>
                <![CDATA[Please enter email]]>
              </value>
            </param>
          </params>
          <reporter-output>
          </reporter-output>
        </test-method> <!-- login -->
        <test-method signature="login(java.lang.String,java.lang.String,java.lang.String,java.lang.String,java.lang.String)[pri:0, instance:com.dataprovider.ManualDataProvider@3b0fe47a]" started-at="2021-09-15T23:02:50 IST" name="login" data-provider="loginData" finished-at="2021-09-15T23:02:51 IST" duration-ms="206" status="PASS">
          <params>
            <param index="0">
              <value>
                <![CDATA[TC02]]>
              </value>
            </param>
            <param index="1">
              <value>
                <![CDATA[blank password]]>
              </value>
            </param>
            <param index="2">
              <value>
                <![CDATA[abc]]>
              </value>
            </param>
            <param index="3">
              <value>
                <![CDATA[]]>
              </value>
            </param>
            <param index="4">
              <value>
                <![CDATA[Please enter password.]]>
              </value>
            </param>
          </params>
          <reporter-output>
          </reporter-output>
        </test-method> <!-- login -->
        <test-method signature="login(java.lang.String,java.lang.String,java.lang.String,java.lang.String,java.lang.String)[pri:0, instance:com.dataprovider.ManualDataProvider@3b0fe47a]" started-at="2021-09-15T23:02:51 IST" name="login" data-provider="loginData" finished-at="2021-09-15T23:02:51 IST" duration-ms="197" status="PASS">
          <params>
            <param index="0">
              <value>
                <![CDATA[TC03]]>
              </value>
            </param>
            <param index="1">
              <value>
                <![CDATA[invalid username]]>
              </value>
            </param>
            <param index="2">
              <value>
                <![CDATA[abc]]>
              </value>
            </param>
            <param index="3">
              <value>
                <![CDATA[123456]]>
              </value>
            </param>
            <param index="4">
              <value>
                <![CDATA[Please enter email as kiran@gmail.com]]>
              </value>
            </param>
          </params>
          <reporter-output>
          </reporter-output>
        </test-method> <!-- login -->
        <test-method signature="login(java.lang.String,java.lang.String,java.lang.String,java.lang.String,java.lang.String)[pri:0, instance:com.dataprovider.ManualDataProvider@3b0fe47a]" started-at="2021-09-15T23:02:51 IST" name="login" data-provider="loginData" finished-at="2021-09-15T23:02:51 IST" duration-ms="197" status="PASS">
          <params>
            <param index="0">
              <value>
                <![CDATA[TC04]]>
              </value>
            </param>
            <param index="1">
              <value>
                <![CDATA[invalid password]]>
              </value>
            </param>
            <param index="2">
              <value>
                <![CDATA[kiran@gmail.com]]>
              </value>
            </param>
            <param index="3">
              <value>
                <![CDATA[112233]]>
              </value>
            </param>
            <param index="4">
              <value>
                <![CDATA[Please enter password 123456]]>
              </value>
            </param>
          </params>
          <reporter-output>
          </reporter-output>
        </test-method> <!-- login -->
        <test-method signature="login(java.lang.String,java.lang.String,java.lang.String,java.lang.String,java.lang.String)[pri:0, instance:com.dataprovider.ManualDataProvider@3b0fe47a]" started-at="2021-09-15T23:02:51 IST" name="login" data-provider="loginData" finished-at="2021-09-15T23:02:53 IST" duration-ms="1591" status="PASS">
          <params>
            <param index="0">
              <value>
                <![CDATA[TC05]]>
              </value>
            </param>
            <param index="1">
              <value>
                <![CDATA[correct]]>
              </value>
            </param>
            <param index="2">
              <value>
                <![CDATA[kiran@gmail.com]]>
              </value>
            </param>
            <param index="3">
              <value>
                <![CDATA[123456]]>
              </value>
            </param>
            <param index="4">
              <value>
                <![CDATA[JavaByKiran | Dashboard]]>
              </value>
            </param>
          </params>
          <reporter-output>
          </reporter-output>
        </test-method> <!-- login -->
        <test-method is-config="true" signature="closeDriver()[pri:0, instance:com.dataprovider.ManualDataProvider@3b0fe47a]" started-at="2021-09-15T23:02:53 IST" name="closeDriver" finished-at="2021-09-15T23:02:53 IST" duration-ms="171" status="PASS">
          <reporter-output>
          </reporter-output>
        </test-method> <!-- closeDriver -->
      </class> <!-- com.dataprovider.ManualDataProvider -->
    </test> <!-- Default test -->
  </suite> <!-- Default suite -->
</testng-results>
